C:\Program Files (x86)\Microsoft Visual Studio\2019\Community\MSBuild\Microsoft\VC\v160\Microsoft.CppBuild.targets(452,5): warning MSB8028: The intermediate directory (x64\Debug\) contains files shared from another project (PROJET_SFML_GIBERT.vcxproj).  This can lead to incorrect clean and rebuild behavior.
  Main.cpp
D:\Stockage\Courinfo\BTS\M.Vino\Jeux SFML\PROJET_SFML_GIBERT\PROJET_SFML_GIBERT\C_Fleche.h(59,54): warning C4244: 'argument': conversion from 'int' to 'T', possible loss of data
D:\Stockage\Courinfo\BTS\M.Vino\Jeux SFML\PROJET_SFML_GIBERT\PROJET_SFML_GIBERT\C_Fleche.h(59,54): warning C4244:         with
D:\Stockage\Courinfo\BTS\M.Vino\Jeux SFML\PROJET_SFML_GIBERT\PROJET_SFML_GIBERT\C_Fleche.h(59,54): warning C4244:         [
D:\Stockage\Courinfo\BTS\M.Vino\Jeux SFML\PROJET_SFML_GIBERT\PROJET_SFML_GIBERT\C_Fleche.h(59,54): warning C4244:             T=float
D:\Stockage\Courinfo\BTS\M.Vino\Jeux SFML\PROJET_SFML_GIBERT\PROJET_SFML_GIBERT\C_Fleche.h(59,54): warning C4244:         ]
D:\Stockage\Courinfo\BTS\M.Vino\Jeux SFML\PROJET_SFML_GIBERT\PROJET_SFML_GIBERT\C_Fleche.h(59,48): warning C4244: 'argument': conversion from 'int' to 'T', possible loss of data
D:\Stockage\Courinfo\BTS\M.Vino\Jeux SFML\PROJET_SFML_GIBERT\PROJET_SFML_GIBERT\C_Fleche.h(59,48): warning C4244:         with
D:\Stockage\Courinfo\BTS\M.Vino\Jeux SFML\PROJET_SFML_GIBERT\PROJET_SFML_GIBERT\C_Fleche.h(59,48): warning C4244:         [
D:\Stockage\Courinfo\BTS\M.Vino\Jeux SFML\PROJET_SFML_GIBERT\PROJET_SFML_GIBERT\C_Fleche.h(59,48): warning C4244:             T=float
D:\Stockage\Courinfo\BTS\M.Vino\Jeux SFML\PROJET_SFML_GIBERT\PROJET_SFML_GIBERT\C_Fleche.h(59,48): warning C4244:         ]
D:\Stockage\Courinfo\BTS\M.Vino\Jeux SFML\PROJET_SFML_GIBERT\PROJET_SFML_GIBERT\C_Fleche.h(67,52): warning C4244: 'argument': conversion from 'int' to 'T', possible loss of data
D:\Stockage\Courinfo\BTS\M.Vino\Jeux SFML\PROJET_SFML_GIBERT\PROJET_SFML_GIBERT\C_Fleche.h(67,52): warning C4244:         with
D:\Stockage\Courinfo\BTS\M.Vino\Jeux SFML\PROJET_SFML_GIBERT\PROJET_SFML_GIBERT\C_Fleche.h(67,52): warning C4244:         [
D:\Stockage\Courinfo\BTS\M.Vino\Jeux SFML\PROJET_SFML_GIBERT\PROJET_SFML_GIBERT\C_Fleche.h(67,52): warning C4244:             T=float
D:\Stockage\Courinfo\BTS\M.Vino\Jeux SFML\PROJET_SFML_GIBERT\PROJET_SFML_GIBERT\C_Fleche.h(67,52): warning C4244:         ]
D:\Stockage\Courinfo\BTS\M.Vino\Jeux SFML\PROJET_SFML_GIBERT\PROJET_SFML_GIBERT\C_Fleche.h(67,47): warning C4244: 'argument': conversion from 'int' to 'T', possible loss of data
D:\Stockage\Courinfo\BTS\M.Vino\Jeux SFML\PROJET_SFML_GIBERT\PROJET_SFML_GIBERT\C_Fleche.h(67,47): warning C4244:         with
D:\Stockage\Courinfo\BTS\M.Vino\Jeux SFML\PROJET_SFML_GIBERT\PROJET_SFML_GIBERT\C_Fleche.h(67,47): warning C4244:         [
D:\Stockage\Courinfo\BTS\M.Vino\Jeux SFML\PROJET_SFML_GIBERT\PROJET_SFML_GIBERT\C_Fleche.h(67,47): warning C4244:             T=float
D:\Stockage\Courinfo\BTS\M.Vino\Jeux SFML\PROJET_SFML_GIBERT\PROJET_SFML_GIBERT\C_Fleche.h(67,47): warning C4244:         ]
D:\Stockage\Courinfo\BTS\M.Vino\Jeux SFML\PROJET_SFML_GIBERT\PROJET_SFML_GIBERT\Main.cpp(51,12): warning C4244: 'argument': conversion from 'time_t' to 'unsigned int', possible loss of data
D:\Stockage\Courinfo\BTS\M.Vino\Jeux SFML\PROJET_SFML_GIBERT\PROJET_SFML_GIBERT\Main.cpp(81,1): warning C4996: 'sf::Text::setColor': was declared deprecated
C:\SFML-2.4.0\include\SFML\Graphics\Text.hpp(177): message : see declaration of 'sf::Text::setColor'
D:\Stockage\Courinfo\BTS\M.Vino\Jeux SFML\PROJET_SFML_GIBERT\PROJET_SFML_GIBERT\Main.cpp(89,1): warning C4996: 'sf::Text::setColor': was declared deprecated
C:\SFML-2.4.0\include\SFML\Graphics\Text.hpp(177): message : see declaration of 'sf::Text::setColor'
D:\Stockage\Courinfo\BTS\M.Vino\Jeux SFML\PROJET_SFML_GIBERT\PROJET_SFML_GIBERT\Main.cpp(118,1): warning C4996: 'sf::Text::setColor': was declared deprecated
C:\SFML-2.4.0\include\SFML\Graphics\Text.hpp(177): message : see declaration of 'sf::Text::setColor'
  PROJET_SFML_GIBERT.vcxproj -> D:\Stockage\Courinfo\BTS\M.Vino\Jeux SFML\PROJET_SFML_GIBERT\x64\Debug\PROJET_SFML_GIBERT.exe
